---------------------------------------------------------------
[ 2025-11-08T18:08:30+09:00 ] 219.104.141.120 GET mobilezone.minamoto2025.com/buy_way
[运行时间：0.151196s] [吞吐率：6.61req/s] [内存消耗：3,766.49kb] [文件加载：83]
[ info ] [ BEHAVIOR ] Run Closure @app_init [ RunTime:0.000089s ]
[ info ] [ CACHE ] INIT File
[ info ] [ BEHAVIOR ] Run Closure @app_init [ RunTime:0.002235s ]
[ info ] [ BEHAVIOR ] Run app\common\behavior\Common @app_init [ RunTime:0.000492s ]
[ info ] [ LANG ] /home/liyang/minamoto2025.com/public_html/mobilezone.minamoto2025.com/thinkphp/lang/zh-cn.php
[ info ] [ BEHAVIOR ] Run app\common\behavior\Common @app_dispatch [ RunTime:0.000018s ]
[ info ] [ ROUTE ] array (
  'type' => 'module',
  'module' => 
  array (
    0 => 'index',
    1 => 'index',
    2 => 'buy_way',
  ),
  'convert' => false,
)
[ info ] [ HEADER ] array (
  'priority' => 'u=0, i',
  'accept-language' => 'zh-CN,zh;q=0.9,ja;q=0.8,en;q=0.7',
  'referer' => 'https://mobilezone.minamoto2025.com/news',
  'sec-fetch-dest' => 'document',
  'sec-fetch-user' => '?1',
  'sec-fetch-mode' => 'navigate',
  'sec-fetch-site' => 'same-origin',
  'accept' => 'text/html,application/xhtml+xml,application/xml;q=0.9,image/avif,image/webp,image/apng,*/*;q=0.8,application/signed-exchange;v=b3;q=0.7',
  'user-agent' => 'Mozilla/5.0 (Macintosh; Intel Mac OS X 10_15_7) AppleWebKit/537.36 (KHTML, like Gecko) Chrome/142.0.0.0 Safari/537.36',
  'upgrade-insecure-requests' => '1',
  'sec-ch-ua-platform' => '"macOS"',
  'sec-ch-ua-mobile' => '?0',
  'sec-ch-ua' => '"Chromium";v="142", "Google Chrome";v="142", "Not_A Brand";v="99"',
  'cache-control' => 'max-age=0',
  'connection' => 'close',
  'x-file-type' => 'normal',
  'x-ua-device' => 'pc',
  'x-failure-cache-time' => '0',
  'x-accel-expires' => '60',
  'x-wp-access' => '0',
  'x-php-fpm-version' => '74',
  'x-server-address' => '162.43.118.60',
  'x-real-ip' => '219.104.141.120',
  'x-forwarded-ssl' => 'on',
  'x-forwarded-port' => '443',
  'x-forwarded-host' => 'mobilezone.minamoto2025.com',
  'x-forwarded-proto' => 'https',
  'x-forwarded-for' => '219.104.141.120',
  'host' => 'mobilezone.minamoto2025.com',
)
[ info ] [ PARAM ] array (
)
[ info ] [ LANG ] /home/liyang/minamoto2025.com/public_html/mobilezone.minamoto2025.com/application/index/lang/zh-cn.php
[ info ] [ BEHAVIOR ] Run app\common\behavior\Common @module_init [ RunTime:0.000974s ]
[ info ] [ BEHAVIOR ] Run \addons\summernote\Summernote @config_init [ RunTime:0.000185s ]
[ info ] [ LANG ] /home/liyang/minamoto2025.com/public_html/mobilezone.minamoto2025.com/application/index/lang/zh-cn/index.php
[ info ] [ DB ] INIT mysql
[ info ] [ BEHAVIOR ] Run \addons\epay\Epay @action_begin [ RunTime:0.001077s ]
[ info ] [ RUN ] app\index\controller\Index->buy_way[ /home/liyang/minamoto2025.com/public_html/mobilezone.minamoto2025.com/application/index/controller/Index.php ]
[ info ] [ VIEW ] /home/liyang/minamoto2025.com/public_html/mobilezone.minamoto2025.com/application/index/view/index/buy_way.html [ array (
  0 => 'user',
  1 => 'site',
  2 => 'config',
  3 => 'userInfo',
  4 => 'webController',
  5 => 'webAction',
  6 => 'sns',
  7 => 'goodsCategory',
  8 => 'goodsCategoryTree',
  9 => 'title',
  10 => 'buy_way_type',
  11 => 'buy_way_list',
) ]
[ info ] [ LOG ] INIT File
---------------------------------------------------------------
[ 2025-11-08T18:08:35+09:00 ] 219.104.141.120 GET mobilezone.minamoto2025.com/
[运行时间：0.025907s] [吞吐率：38.60req/s] [内存消耗：3,800.02kb] [文件加载：84]
[ info ] [ BEHAVIOR ] Run Closure @app_init [ RunTime:0.000011s ]
[ info ] [ CACHE ] INIT File
[ info ] [ BEHAVIOR ] Run Closure @app_init [ RunTime:0.000850s ]
[ info ] [ BEHAVIOR ] Run app\common\behavior\Common @app_init [ RunTime:0.000250s ]
[ info ] [ LANG ] /home/liyang/minamoto2025.com/public_html/mobilezone.minamoto2025.com/thinkphp/lang/zh-cn.php
[ info ] [ BEHAVIOR ] Run app\common\behavior\Common @app_dispatch [ RunTime:0.000010s ]
[ info ] [ ROUTE ] array (
  'type' => 'module',
  'module' => 
  array (
    0 => '',
    1 => NULL,
    2 => NULL,
  ),
)
[ info ] [ HEADER ] array (
  'priority' => 'u=0, i',
  'accept-language' => 'zh-CN,zh;q=0.9,ja;q=0.8,en;q=0.7',
  'referer' => 'https://mobilezone.minamoto2025.com/buy_way',
  'sec-fetch-dest' => 'document',
  'sec-fetch-user' => '?1',
  'sec-fetch-mode' => 'navigate',
  'sec-fetch-site' => 'same-origin',
  'accept' => 'text/html,application/xhtml+xml,application/xml;q=0.9,image/avif,image/webp,image/apng,*/*;q=0.8,application/signed-exchange;v=b3;q=0.7',
  'user-agent' => 'Mozilla/5.0 (Macintosh; Intel Mac OS X 10_15_7) AppleWebKit/537.36 (KHTML, like Gecko) Chrome/142.0.0.0 Safari/537.36',
  'upgrade-insecure-requests' => '1',
  'sec-ch-ua-platform' => '"macOS"',
  'sec-ch-ua-mobile' => '?0',
  'sec-ch-ua' => '"Chromium";v="142", "Google Chrome";v="142", "Not_A Brand";v="99"',
  'connection' => 'close',
  'x-file-type' => 'normal',
  'x-ua-device' => 'pc',
  'x-failure-cache-time' => '0',
  'x-accel-expires' => '60',
  'x-wp-access' => '0',
  'x-php-fpm-version' => '74',
  'x-server-address' => '162.43.118.60',
  'x-real-ip' => '219.104.141.120',
  'x-forwarded-ssl' => 'on',
  'x-forwarded-port' => '443',
  'x-forwarded-host' => 'mobilezone.minamoto2025.com',
  'x-forwarded-proto' => 'https',
  'x-forwarded-for' => '219.104.141.120',
  'host' => 'mobilezone.minamoto2025.com',
)
[ info ] [ PARAM ] array (
)
[ info ] [ LANG ] /home/liyang/minamoto2025.com/public_html/mobilezone.minamoto2025.com/application/index/lang/zh-cn.php
[ info ] [ BEHAVIOR ] Run app\common\behavior\Common @module_init [ RunTime:0.000722s ]
[ info ] [ BEHAVIOR ] Run \addons\summernote\Summernote @config_init [ RunTime:0.000086s ]
[ info ] [ LANG ] /home/liyang/minamoto2025.com/public_html/mobilezone.minamoto2025.com/application/index/lang/zh-cn/index.php
[ info ] [ DB ] INIT mysql
[ info ] [ BEHAVIOR ] Run \addons\epay\Epay @action_begin [ RunTime:0.000747s ]
[ info ] [ RUN ] app\index\controller\Index->index[ /home/liyang/minamoto2025.com/public_html/mobilezone.minamoto2025.com/application/index/controller/Index.php ]
[ info ] [ VIEW ] /home/liyang/minamoto2025.com/public_html/mobilezone.minamoto2025.com/application/index/view/index/index.html [ array (
  0 => 'user',
  1 => 'site',
  2 => 'config',
  3 => 'userInfo',
  4 => 'webController',
  5 => 'webAction',
  6 => 'sns',
  7 => 'goodsCategory',
  8 => 'goodsCategoryTree',
  9 => 'lunbo',
  10 => 'goods',
  11 => 'news',
  12 => 'buy_way',
  13 => 'select_reason',
  14 => 'title',
) ]
[ info ] [ LOG ] INIT File
