---------------------------------------------------------------
[ 2025-11-16T19:58:20+09:00 ] 34.148.225.148 GET mobilezone.minamoto2025.com/
[运行时间：0.168353s] [吞吐率：5.94req/s] [内存消耗：3,783.67kb] [文件加载：84]
[ info ] [ BEHAVIOR ] Run Closure @app_init [ RunTime:0.000087s ]
[ info ] [ CACHE ] INIT File
[ info ] [ BEHAVIOR ] Run Closure @app_init [ RunTime:0.002287s ]
[ info ] [ BEHAVIOR ] Run app\common\behavior\Common @app_init [ RunTime:0.000549s ]
[ info ] [ LANG ] /home/liyang/minamoto2025.com/public_html/mobilezone.minamoto2025.com/thinkphp/lang/zh-cn.php
[ info ] [ BEHAVIOR ] Run app\common\behavior\Common @app_dispatch [ RunTime:0.000015s ]
[ info ] [ ROUTE ] array (
  'type' => 'module',
  'module' => 
  array (
    0 => '',
    1 => NULL,
    2 => NULL,
  ),
)
[ info ] [ HEADER ] array (
  'accept' => 'text/html,application/xhtml+xml,application/xml;q=0.9,*/*;q=0.8',
  'accept-language' => 'en-US,en;q=0.5',
  'user-agent' => 'Mozilla/5.0 (Windows NT 10.0; Win64; x64) AppleWebKit/537.36 (KHTML, like Gecko) Chrome/88.0.4240.193 Safari/537.36',
  'connection' => 'close',
  'x-file-type' => 'normal',
  'x-ua-device' => 'pc',
  'x-failure-cache-time' => '0',
  'x-accel-expires' => '60',
  'x-wp-access' => '0',
  'x-php-fpm-version' => '74',
  'x-server-address' => '162.43.118.60',
  'x-real-ip' => '34.148.225.148',
  'x-forwarded-port' => '80',
  'x-forwarded-host' => 'mobilezone.minamoto2025.com',
  'x-forwarded-proto' => 'http',
  'x-forwarded-for' => '34.148.225.148',
  'host' => 'mobilezone.minamoto2025.com',
)
[ info ] [ PARAM ] array (
)
[ info ] [ LANG ] /home/liyang/minamoto2025.com/public_html/mobilezone.minamoto2025.com/application/index/lang/zh-cn.php
[ info ] [ BEHAVIOR ] Run app\common\behavior\Common @module_init [ RunTime:0.001434s ]
[ info ] [ BEHAVIOR ] Run \addons\summernote\Summernote @config_init [ RunTime:0.000413s ]
[ info ] [ LANG ] /home/liyang/minamoto2025.com/public_html/mobilezone.minamoto2025.com/application/index/lang/zh-cn/index.php
[ info ] [ DB ] INIT mysql
[ info ] [ BEHAVIOR ] Run \addons\epay\Epay @action_begin [ RunTime:0.001353s ]
[ info ] [ RUN ] app\index\controller\Index->index[ /home/liyang/minamoto2025.com/public_html/mobilezone.minamoto2025.com/application/index/controller/Index.php ]
[ info ] [ VIEW ] /home/liyang/minamoto2025.com/public_html/mobilezone.minamoto2025.com/application/index/view/index/index.html [ array (
  0 => 'user',
  1 => 'site',
  2 => 'config',
  3 => 'userInfo',
  4 => 'webController',
  5 => 'webAction',
  6 => 'sns',
  7 => 'goodsCategory',
  8 => 'goodsCategoryTree',
  9 => 'lunbo',
  10 => 'goods',
  11 => 'news',
  12 => 'buy_way',
  13 => 'select_reason',
  14 => 'title',
) ]
[ info ] [ LOG ] INIT File
---------------------------------------------------------------
[ 2025-11-16T19:58:23+09:00 ] 34.148.225.148 GET mobilezone.minamoto2025.com/?author=1
[运行时间：0.029996s] [吞吐率：33.34req/s] [内存消耗：3,784.09kb] [文件加载：84]
[ info ] [ BEHAVIOR ] Run Closure @app_init [ RunTime:0.000014s ]
[ info ] [ CACHE ] INIT File
[ info ] [ BEHAVIOR ] Run Closure @app_init [ RunTime:0.001221s ]
[ info ] [ BEHAVIOR ] Run app\common\behavior\Common @app_init [ RunTime:0.000331s ]
[ info ] [ LANG ] /home/liyang/minamoto2025.com/public_html/mobilezone.minamoto2025.com/thinkphp/lang/zh-cn.php
[ info ] [ BEHAVIOR ] Run app\common\behavior\Common @app_dispatch [ RunTime:0.000017s ]
[ info ] [ ROUTE ] array (
  'type' => 'module',
  'module' => 
  array (
    0 => '',
    1 => NULL,
    2 => NULL,
  ),
)
[ info ] [ HEADER ] array (
  'accept' => 'text/html,application/xhtml+xml,application/xml;q=0.9,*/*;q=0.8',
  'accept-language' => 'en-US,en;q=0.5',
  'user-agent' => 'Mozilla/5.0 (Windows NT 10.0; Win64; x64) AppleWebKit/537.36 (KHTML, like Gecko) Chrome/88.0.4240.193 Safari/537.36',
  'connection' => 'close',
  'x-file-type' => 'normal',
  'x-ua-device' => 'pc',
  'x-failure-cache-time' => '0',
  'x-accel-expires' => '60',
  'x-wp-access' => '0',
  'x-php-fpm-version' => '74',
  'x-server-address' => '162.43.118.60',
  'x-real-ip' => '34.148.225.148',
  'x-forwarded-port' => '80',
  'x-forwarded-host' => 'mobilezone.minamoto2025.com',
  'x-forwarded-proto' => 'http',
  'x-forwarded-for' => '34.148.225.148',
  'host' => 'mobilezone.minamoto2025.com',
)
[ info ] [ PARAM ] array (
  'author' => '1',
)
[ info ] [ LANG ] /home/liyang/minamoto2025.com/public_html/mobilezone.minamoto2025.com/application/index/lang/zh-cn.php
[ info ] [ BEHAVIOR ] Run app\common\behavior\Common @module_init [ RunTime:0.000977s ]
[ info ] [ BEHAVIOR ] Run \addons\summernote\Summernote @config_init [ RunTime:0.000092s ]
[ info ] [ LANG ] /home/liyang/minamoto2025.com/public_html/mobilezone.minamoto2025.com/application/index/lang/zh-cn/index.php
[ info ] [ DB ] INIT mysql
[ info ] [ BEHAVIOR ] Run \addons\epay\Epay @action_begin [ RunTime:0.000533s ]
[ info ] [ RUN ] app\index\controller\Index->index[ /home/liyang/minamoto2025.com/public_html/mobilezone.minamoto2025.com/application/index/controller/Index.php ]
[ info ] [ VIEW ] /home/liyang/minamoto2025.com/public_html/mobilezone.minamoto2025.com/application/index/view/index/index.html [ array (
  0 => 'user',
  1 => 'site',
  2 => 'config',
  3 => 'userInfo',
  4 => 'webController',
  5 => 'webAction',
  6 => 'sns',
  7 => 'goodsCategory',
  8 => 'goodsCategoryTree',
  9 => 'lunbo',
  10 => 'goods',
  11 => 'news',
  12 => 'buy_way',
  13 => 'select_reason',
  14 => 'title',
) ]
[ info ] [ LOG ] INIT File
---------------------------------------------------------------
[ 2025-11-16T19:58:24+09:00 ] 34.148.225.148 GET mobilezone.minamoto2025.com/?author=2
[运行时间：0.024283s] [吞吐率：41.18req/s] [内存消耗：3,784.09kb] [文件加载：84]
[ info ] [ BEHAVIOR ] Run Closure @app_init [ RunTime:0.000012s ]
[ info ] [ CACHE ] INIT File
[ info ] [ BEHAVIOR ] Run Closure @app_init [ RunTime:0.000894s ]
[ info ] [ BEHAVIOR ] Run app\common\behavior\Common @app_init [ RunTime:0.000249s ]
[ info ] [ LANG ] /home/liyang/minamoto2025.com/public_html/mobilezone.minamoto2025.com/thinkphp/lang/zh-cn.php
[ info ] [ BEHAVIOR ] Run app\common\behavior\Common @app_dispatch [ RunTime:0.000011s ]
[ info ] [ ROUTE ] array (
  'type' => 'module',
  'module' => 
  array (
    0 => '',
    1 => NULL,
    2 => NULL,
  ),
)
[ info ] [ HEADER ] array (
  'accept' => 'text/html,application/xhtml+xml,application/xml;q=0.9,*/*;q=0.8',
  'accept-language' => 'en-US,en;q=0.5',
  'user-agent' => 'Mozilla/5.0 (Windows NT 10.0; Win64; x64) AppleWebKit/537.36 (KHTML, like Gecko) Chrome/88.0.4240.193 Safari/537.36',
  'connection' => 'close',
  'x-file-type' => 'normal',
  'x-ua-device' => 'pc',
  'x-failure-cache-time' => '0',
  'x-accel-expires' => '60',
  'x-wp-access' => '0',
  'x-php-fpm-version' => '74',
  'x-server-address' => '162.43.118.60',
  'x-real-ip' => '34.148.225.148',
  'x-forwarded-port' => '80',
  'x-forwarded-host' => 'mobilezone.minamoto2025.com',
  'x-forwarded-proto' => 'http',
  'x-forwarded-for' => '34.148.225.148',
  'host' => 'mobilezone.minamoto2025.com',
)
[ info ] [ PARAM ] array (
  'author' => '2',
)
[ info ] [ LANG ] /home/liyang/minamoto2025.com/public_html/mobilezone.minamoto2025.com/application/index/lang/zh-cn.php
[ info ] [ BEHAVIOR ] Run app\common\behavior\Common @module_init [ RunTime:0.000706s ]
[ info ] [ BEHAVIOR ] Run \addons\summernote\Summernote @config_init [ RunTime:0.000087s ]
[ info ] [ LANG ] /home/liyang/minamoto2025.com/public_html/mobilezone.minamoto2025.com/application/index/lang/zh-cn/index.php
[ info ] [ DB ] INIT mysql
[ info ] [ BEHAVIOR ] Run \addons\epay\Epay @action_begin [ RunTime:0.000530s ]
[ info ] [ RUN ] app\index\controller\Index->index[ /home/liyang/minamoto2025.com/public_html/mobilezone.minamoto2025.com/application/index/controller/Index.php ]
[ info ] [ VIEW ] /home/liyang/minamoto2025.com/public_html/mobilezone.minamoto2025.com/application/index/view/index/index.html [ array (
  0 => 'user',
  1 => 'site',
  2 => 'config',
  3 => 'userInfo',
  4 => 'webController',
  5 => 'webAction',
  6 => 'sns',
  7 => 'goodsCategory',
  8 => 'goodsCategoryTree',
  9 => 'lunbo',
  10 => 'goods',
  11 => 'news',
  12 => 'buy_way',
  13 => 'select_reason',
  14 => 'title',
) ]
[ info ] [ LOG ] INIT File
---------------------------------------------------------------
[ 2025-11-16T19:58:25+09:00 ] 34.148.225.148 GET mobilezone.minamoto2025.com/?author=3
[运行时间：0.025818s] [吞吐率：38.73req/s] [内存消耗：3,784.09kb] [文件加载：84]
[ info ] [ BEHAVIOR ] Run Closure @app_init [ RunTime:0.000011s ]
[ info ] [ CACHE ] INIT File
[ info ] [ BEHAVIOR ] Run Closure @app_init [ RunTime:0.000869s ]
[ info ] [ BEHAVIOR ] Run app\common\behavior\Common @app_init [ RunTime:0.000248s ]
[ info ] [ LANG ] /home/liyang/minamoto2025.com/public_html/mobilezone.minamoto2025.com/thinkphp/lang/zh-cn.php
[ info ] [ BEHAVIOR ] Run app\common\behavior\Common @app_dispatch [ RunTime:0.000011s ]
[ info ] [ ROUTE ] array (
  'type' => 'module',
  'module' => 
  array (
    0 => '',
    1 => NULL,
    2 => NULL,
  ),
)
[ info ] [ HEADER ] array (
  'accept' => 'text/html,application/xhtml+xml,application/xml;q=0.9,*/*;q=0.8',
  'accept-language' => 'en-US,en;q=0.5',
  'user-agent' => 'Mozilla/5.0 (Windows NT 10.0; Win64; x64) AppleWebKit/537.36 (KHTML, like Gecko) Chrome/88.0.4240.193 Safari/537.36',
  'connection' => 'close',
  'x-file-type' => 'normal',
  'x-ua-device' => 'pc',
  'x-failure-cache-time' => '0',
  'x-accel-expires' => '60',
  'x-wp-access' => '0',
  'x-php-fpm-version' => '74',
  'x-server-address' => '162.43.118.60',
  'x-real-ip' => '34.148.225.148',
  'x-forwarded-port' => '80',
  'x-forwarded-host' => 'mobilezone.minamoto2025.com',
  'x-forwarded-proto' => 'http',
  'x-forwarded-for' => '34.148.225.148',
  'host' => 'mobilezone.minamoto2025.com',
)
[ info ] [ PARAM ] array (
  'author' => '3',
)
[ info ] [ LANG ] /home/liyang/minamoto2025.com/public_html/mobilezone.minamoto2025.com/application/index/lang/zh-cn.php
[ info ] [ BEHAVIOR ] Run app\common\behavior\Common @module_init [ RunTime:0.000702s ]
[ info ] [ BEHAVIOR ] Run \addons\summernote\Summernote @config_init [ RunTime:0.000087s ]
[ info ] [ LANG ] /home/liyang/minamoto2025.com/public_html/mobilezone.minamoto2025.com/application/index/lang/zh-cn/index.php
[ info ] [ DB ] INIT mysql
[ info ] [ BEHAVIOR ] Run \addons\epay\Epay @action_begin [ RunTime:0.000578s ]
[ info ] [ RUN ] app\index\controller\Index->index[ /home/liyang/minamoto2025.com/public_html/mobilezone.minamoto2025.com/application/index/controller/Index.php ]
[ info ] [ VIEW ] /home/liyang/minamoto2025.com/public_html/mobilezone.minamoto2025.com/application/index/view/index/index.html [ array (
  0 => 'user',
  1 => 'site',
  2 => 'config',
  3 => 'userInfo',
  4 => 'webController',
  5 => 'webAction',
  6 => 'sns',
  7 => 'goodsCategory',
  8 => 'goodsCategoryTree',
  9 => 'lunbo',
  10 => 'goods',
  11 => 'news',
  12 => 'buy_way',
  13 => 'select_reason',
  14 => 'title',
) ]
[ info ] [ LOG ] INIT File
